<?xml version="1.0" encoding="UTF-8"?>
<testng-results skipped="0" failed="0" ignored="0" total="2" passed="2">
  <reporter-output>
  </reporter-output>
  <suite name="Default suite" duration-ms="42812" started-at="2019-05-17T11:54:59Z" finished-at="2019-05-17T11:55:42Z">
    <groups>
    </groups>
    <test name="Default test" duration-ms="42812" started-at="2019-05-17T11:54:59Z" finished-at="2019-05-17T11:55:42Z">
      <class name="com.wordpress.test.NewpostTest">
        <test-method status="PASS" signature="setup()[pri:0, instance:com.wordpress.test.NewpostTest@520a3426]" name="setup" is-config="true" duration-ms="20692" started-at="2019-05-17T11:54:59Z" finished-at="2019-05-17T11:55:20Z">
          <reporter-output>
          </reporter-output>
        </test-method> <!-- setup -->
        <test-method status="PASS" signature="valiadateMediabtnTest()[pri:0, instance:com.wordpress.test.NewpostTest@520a3426]" name="valiadateMediabtnTest" duration-ms="520" started-at="2019-05-17T11:55:20Z" finished-at="2019-05-17T11:55:21Z">
          <reporter-output>
          </reporter-output>
        </test-method> <!-- valiadateMediabtnTest -->
        <test-method status="PASS" signature="teardown()[pri:0, instance:com.wordpress.test.NewpostTest@520a3426]" name="teardown" is-config="true" duration-ms="928" started-at="2019-05-17T11:55:21Z" finished-at="2019-05-17T11:55:21Z">
          <reporter-output>
          </reporter-output>
        </test-method> <!-- teardown -->
        <test-method status="PASS" signature="setup()[pri:0, instance:com.wordpress.test.NewpostTest@520a3426]" name="setup" is-config="true" duration-ms="19520" started-at="2019-05-17T11:55:21Z" finished-at="2019-05-17T11:55:41Z">
          <reporter-output>
          </reporter-output>
        </test-method> <!-- setup -->
        <test-method status="PASS" signature="validateposttileTest()[pri:0, instance:com.wordpress.test.NewpostTest@520a3426]" name="validateposttileTest" duration-ms="238" started-at="2019-05-17T11:55:41Z" finished-at="2019-05-17T11:55:41Z">
          <reporter-output>
          </reporter-output>
        </test-method> <!-- validateposttileTest -->
        <test-method status="PASS" signature="teardown()[pri:0, instance:com.wordpress.test.NewpostTest@520a3426]" name="teardown" is-config="true" duration-ms="886" started-at="2019-05-17T11:55:41Z" finished-at="2019-05-17T11:55:42Z">
          <reporter-output>
          </reporter-output>
        </test-method> <!-- teardown -->
      </class> <!-- com.wordpress.test.NewpostTest -->
    </test> <!-- Default test -->
  </suite> <!-- Default suite -->
</testng-results>
