<?xml version="1.0" encoding="UTF-8"?>
<!-- Generated by org.testng.reporters.JUnitXMLReporter -->
<testsuite hostname="DIN13002296" ignored="0" name="TestNG_Test" tests="4" failures="0" timestamp="20 May 2019 04:32:52 GMT" time="51.487" errors="0">
  <testcase name="validateincorrectloginTest1" time="1.451" classname="com.wordpress.test.LoginpageTest"/>
  <testcase name="validateincorrectloginTest2" time="1.176" classname="com.wordpress.test.LoginpageTest"/>
  <testcase name="validateloginTest" time="5.789" classname="com.wordpress.test.LoginpageTest"/>
  <testcase name="validatetitleTest" time="0.017" classname="com.wordpress.test.LoginpageTest"/>
</testsuite> <!-- TestNG_Test -->
