<?xml version="1.0" encoding="UTF-8"?>
<!-- Generated by org.testng.reporters.JUnitXMLReporter -->
<testsuite hostname="DIN13002296" ignored="0" name="Default test" tests="4" failures="0" timestamp="15 May 2019 10:04:52 GMT" time="46.756" errors="0">
  <testcase name="validateincorrectloginTest1" time="1.521" classname="com.wordpress.test.LoginpageTest"/>
  <testcase name="validateincorrectloginTest2" time="1.235" classname="com.wordpress.test.LoginpageTest"/>
  <testcase name="validateloginTest" time="3.663" classname="com.wordpress.test.LoginpageTest"/>
  <testcase name="validatetitleTest" time="0.013" classname="com.wordpress.test.LoginpageTest"/>
</testsuite> <!-- Default test -->
